This is pdfTeX, Version 3.14159265-2.6-1.40.18 (TeX Live 2017/Debian) (preloaded format=pdflatex 2018.2.26)  26 FEB 2018 20:03
entering extended mode
 restricted \write18 enabled.
 %&-line parsing enabled.
**/home/popi/Scripts/latex/resume/clean_template/resume_2018.tex
(/home/popi/Scripts/latex/resume/clean_template/resume_2018.tex
LaTeX2e <2017-04-15>
Babel <3.12> and hyphenation patterns for 3 language(s) loaded.

! LaTeX Error: File `deedy-resume-openfont.cls' not found.

Type X to quit or <RETURN> to proceed,
or enter new name. (Default extension: cls)

Enter file name: 
! Emergency stop.
<read *> 
         
l.51 ^^M
        
End of file on the terminal!

 
Here is how much of TeX's memory you used:
 11 strings out of 494931
 402 string characters out of 6180851
 45736 words of memory out of 5000000
 3416 multiletter control sequences out of 15000+600000
 3640 words of font info for 14 fonts, out of 8000000 for 9000
 14 hyphenation exceptions out of 8191
 10i,0n,7p,145b,8s stack positions out of 5000i,500n,10000p,200000b,80000s
!  ==> Fatal error occurred, no output PDF file produced!
